0 info it worked if it ends with ok
1 verbose cli [ '/usr/bin/node', '/usr/bin/npm', 'stop' ]
2 info using npm@3.6.0
3 info using node@v5.5.0
4 verbose run-script [ 'prestop', 'stop', 'poststop' ]
5 info lifecycle mailtracker@0.0.0~prestop: mailtracker@0.0.0
6 silly lifecycle mailtracker@0.0.0~prestop: no script for prestop, continuing
7 info lifecycle mailtracker@0.0.0~stop: mailtracker@0.0.0
8 verbose lifecycle mailtracker@0.0.0~stop: unsafe-perm in lifecycle true
9 verbose lifecycle mailtracker@0.0.0~stop: PATH: /usr/lib/node_modules/npm/bin/node-gyp-bin:/home/youngbin/mailtracker/node_modules/.bin:/usr/local/sbin:/usr/local/bin:/usr/bin:/usr/lib/jvm/default/bin:/usr/bin/site_perl:/usr/bin/vendor_perl:/usr/bin/core_perl
10 verbose lifecycle mailtracker@0.0.0~stop: CWD: /home/youngbin/mailtracker
11 silly lifecycle mailtracker@0.0.0~stop: Args: [ '-c', 'forever stop ./bin/www' ]
12 silly lifecycle mailtracker@0.0.0~stop: Returned: code: 1  signal: null
13 info lifecycle mailtracker@0.0.0~stop: Failed to exec stop script
14 verbose stack Error: mailtracker@0.0.0 stop: `forever stop ./bin/www`
14 verbose stack Exit status 1
14 verbose stack     at EventEmitter.<anonymous> (/usr/lib/node_modules/npm/lib/utils/lifecycle.js:232:16)
14 verbose stack     at emitTwo (events.js:100:13)
14 verbose stack     at EventEmitter.emit (events.js:185:7)
14 verbose stack     at ChildProcess.<anonymous> (/usr/lib/node_modules/npm/lib/utils/spawn.js:24:14)
14 verbose stack     at emitTwo (events.js:100:13)
14 verbose stack     at ChildProcess.emit (events.js:185:7)
14 verbose stack     at maybeClose (internal/child_process.js:821:16)
14 verbose stack     at Process.ChildProcess._handle.onexit (internal/child_process.js:211:5)
15 verbose pkgid mailtracker@0.0.0
16 verbose cwd /home/youngbin/mailtracker
17 error Linux 4.3.3-3-ARCH
18 error argv "/usr/bin/node" "/usr/bin/npm" "stop"
19 error node v5.5.0
20 error npm  v3.6.0
21 error code ELIFECYCLE
22 error mailtracker@0.0.0 stop: `forever stop ./bin/www`
22 error Exit status 1
23 error Failed at the mailtracker@0.0.0 stop script 'forever stop ./bin/www'.
23 error Make sure you have the latest version of node.js and npm installed.
23 error If you do, this is most likely a problem with the mailtracker package,
23 error not with npm itself.
23 error Tell the author that this fails on your system:
23 error     forever stop ./bin/www
23 error You can get information on how to open an issue for this project with:
23 error     npm bugs mailtracker
23 error Or if that isn't available, you can get their info via:
23 error     npm owner ls mailtracker
23 error There is likely additional logging output above.
24 verbose exit [ 1, true ]
